"is_built_lib_otto" "true"
"built_lib_otto" "/home/justin/code/otto/_build/src/otto.cma"
"built_lib_otto" "/home/justin/code/otto/_build/src/otto.cmxa"
"built_lib_otto" "/home/justin/code/otto/_build/src/otto.a"
"built_lib_otto" "/home/justin/code/otto/_build/src/otto.cmxs"
"built_lib_otto" "/home/justin/code/otto/_build/src/otto.cmi"
"built_lib_otto" "/home/justin/code/otto/_build/src/otto.cmti"
"built_lib_otto" "/home/justin/code/otto/_build/src/otto.cmt"
"built_lib_otto" "/home/justin/code/otto/_build/src/otto.annot"
"built_lib_otto" "/home/justin/code/otto/_build/src/otto.cmx"
"is_built_exec_test" "true"
"built_exec_test" "/home/justin/code/otto/_build/test/test.byte"
"is_built_lib_otto" "true"
"built_lib_otto" "/home/justin/code/otto/_build/src/otto.cma"
"built_lib_otto" "/home/justin/code/otto/_build/src/otto.cmxa"
"built_lib_otto" "/home/justin/code/otto/_build/src/otto.a"
"built_lib_otto" "/home/justin/code/otto/_build/src/otto.cmxs"
"built_lib_otto" "/home/justin/code/otto/_build/src/otto.cmi"
"built_lib_otto" "/home/justin/code/otto/_build/src/otto.cmti"
"built_lib_otto" "/home/justin/code/otto/_build/src/otto.cmt"
"built_lib_otto" "/home/justin/code/otto/_build/src/otto.annot"
"built_lib_otto" "/home/justin/code/otto/_build/src/otto.cmx"
"is_built_exec_test" "true"
"built_exec_test" "/home/justin/code/otto/_build/test/test.byte"
"install-findlib" "otto"
